This file contains any messages produced by compilers while
running configure, to aid debugging if configure makes a mistake.

It was created by configure, which was
generated by GNU Autoconf 2.65.  Invocation command line was

  $ auto/configure --enable-gui=gtk2 --with-x --enable-perlinterp --enable-pythoninterp --enable-rubyinterp --enable-cscope --enable-multibyte --enable-xim --enable-fontset --enable-gdb --with-features=huge --with-tlib=curses --with-compiledby=Larrupingpig --enable-netbeans --with-modified-by=Larrupingpig --enable-luainterp --srcdir=. --cache-file=auto/config.cache

## --------- ##
## Platform. ##
## --------- ##

hostname = debian
uname -m = x86_64
uname -r = 3.16.0-4-amd64
uname -s = Linux
uname -v = #1 SMP Debian 3.16.39-1 (2016-12-30)

/usr/bin/uname -p = unknown
/bin/uname -X     = unknown

/bin/arch              = unknown
/usr/bin/arch -k       = unknown
/usr/convex/getsysinfo = unknown
/usr/bin/hostinfo      = unknown
/bin/machine           = unknown
/usr/bin/oslevel       = unknown
/bin/universe          = unknown

PATH: /usr/local/bin
PATH: /usr/bin
PATH: /bin
PATH: /usr/local/games
PATH: /usr/games


## ----------- ##
## Core tests. ##
## ----------- ##

configure:2486: loading cache auto/config.cache
configure:2572: checking whether make sets $(MAKE)
configure:2594: result: yes
configure:2652: checking for gcc
configure:2679: result: gcc
configure:2908: checking for C compiler version
configure:2917: gcc --version >&5
gcc (Debian 4.9.2-10+deb8u1) 4.9.2
Copyright (C) 2014 Free Software Foundation, Inc.
This is free software; see the source for copying conditions.  There is NO
warranty; not even for MERCHANTABILITY or FITNESS FOR A PARTICULAR PURPOSE.

configure:2928: $? = 0
configure:2917: gcc -v >&5
Using built-in specs.
COLLECT_GCC=gcc
COLLECT_LTO_WRAPPER=/usr/lib/gcc/x86_64-linux-gnu/4.9/lto-wrapper
Target: x86_64-linux-gnu
Configured with: ../src/configure -v --with-pkgversion='Debian 4.9.2-10+deb8u1' --with-bugurl=file:///usr/share/doc/gcc-4.9/README.Bugs --enable-languages=c,c++,java,go,d,fortran,objc,obj-c++ --prefix=/usr --program-suffix=-4.9 --enable-shared --enable-linker-build-id --libexecdir=/usr/lib --without-included-gettext --enable-threads=posix --with-gxx-include-dir=/usr/include/c++/4.9 --libdir=/usr/lib --enable-nls --with-sysroot=/ --enable-clocale=gnu --enable-libstdcxx-debug --enable-libstdcxx-time=yes --enable-gnu-unique-object --disable-vtable-verify --enable-plugin --with-system-zlib --disable-browser-plugin --enable-java-awt=gtk --enable-gtk-cairo --with-java-home=/usr/lib/jvm/java-1.5.0-gcj-4.9-amd64/jre --enable-java-home --with-jvm-root-dir=/usr/lib/jvm/java-1.5.0-gcj-4.9-amd64 --with-jvm-jar-dir=/usr/lib/jvm-exports/java-1.5.0-gcj-4.9-amd64 --with-arch-directory=amd64 --with-ecj-jar=/usr/share/java/eclipse-ecj.jar --enable-objc-gc --enable-multiarch --with-arch-32=i586 --with-abi=m64 --with-multilib-list=m32,m64,mx32 --enable-multilib --with-tune=generic --enable-checking=release --build=x86_64-linux-gnu --host=x86_64-linux-gnu --target=x86_64-linux-gnu
Thread model: posix
gcc version 4.9.2 (Debian 4.9.2-10+deb8u1) 
configure:2928: $? = 0
configure:2917: gcc -V >&5
gcc: error: unrecognized command line option '-V'
gcc: fatal error: no input files
compilation terminated.
configure:2928: $? = 4
configure:2917: gcc -qversion >&5
gcc: error: unrecognized command line option '-qversion'
gcc: fatal error: no input files
compilation terminated.
configure:2928: $? = 4
configure:2948: checking whether the C compiler works
configure:2970: gcc -O6 -I/usr/local/include -L/usr/local/lib -Wl,--as-needed conftest.c  >&5
configure:2974: $? = 0
configure:3023: result: yes
configure:3026: checking for C compiler default output file name
configure:3028: result: a.out
configure:3034: checking for suffix of executables
configure:3041: gcc -o conftest -O6 -I/usr/local/include -L/usr/local/lib -Wl,--as-needed conftest.c  >&5
configure:3045: $? = 0
configure:3067: result: 
configure:3089: checking whether we are cross compiling
configure:3097: gcc -o conftest -O6 -I/usr/local/include -L/usr/local/lib -Wl,--as-needed conftest.c  >&5
configure:3101: $? = 0
configure:3108: ./conftest
configure:3112: $? = 0
configure:3127: result: no
configure:3132: checking for suffix of object files
configure:3179: result: o
configure:3183: checking whether we are using the GNU C compiler
configure:3211: result: yes
configure:3220: checking whether gcc accepts -g
configure:3281: result: yes
configure:3298: checking for gcc option to accept ISO C89
configure:3375: result: none needed
configure:3399: checking how to run the C preprocessor
configure:3469: result: gcc -E
configure:3489: gcc -E -I/usr/local/include conftest.c
configure:3489: $? = 0
configure:3503: gcc -E -I/usr/local/include conftest.c
conftest.c:10:28: fatal error: ac_nonexistent.h: No such file or directory
 #include <ac_nonexistent.h>
                            ^
compilation terminated.
configure:3503: $? = 1
configure: failed program was:
| /* confdefs.h */
| #define PACKAGE_NAME ""
| #define PACKAGE_TARNAME ""
| #define PACKAGE_VERSION ""
| #define PACKAGE_STRING ""
| #define PACKAGE_BUGREPORT ""
| #define PACKAGE_URL ""
| #define UNIX 1
| /* end confdefs.h.  */
| #include <ac_nonexistent.h>
configure:3532: checking for grep that handles long lines and -e
configure:3590: result: /bin/grep
configure:3595: checking for egrep
configure:3657: result: /bin/grep -E
configure:3671: checking for library containing strerror
configure:3719: result: none required
configure:3730: checking for gawk
configure:3757: result: gawk
configure:3770: checking for strip
configure:3798: result: strip
configure:3809: checking for ANSI C header files
configure:3913: result: yes
configure:3921: checking for sys/wait.h that is POSIX.1 compatible
configure:3954: result: yes
configure:3964: checking --enable-fail-if-missing argument
configure:3973: result: no
configure:4004: checking for buggy tools...
configure:4011: checking for BeOS
configure:4017: result: no
configure:4021: checking for QNX
configure:4028: result: no
configure:4032: checking for Darwin (Mac OS X)
configure:4248: result: no
configure:4256: checking --with-local-dir argument
configure:4280: result: Defaulting to /usr/local
configure:4305: checking --with-vim-name argument
configure:4313: result: Defaulting to vim
configure:4318: checking --with-ex-name argument
configure:4326: result: Defaulting to ex
configure:4331: checking --with-view-name argument
configure:4339: result: Defaulting to view
configure:4345: checking --with-global-runtime argument
configure:4356: result: no
configure:4361: checking --with-modified-by argument
configure:4366: result: Larrupingpig
configure:4377: checking if character set is EBCDIC
configure:4396: gcc -c -O6 -I/usr/local/include conftest.c >&5
conftest.c: In function 'main':
conftest.c:22:1: error: unknown type name 'make'
 make an error "Character set is not EBCDIC"
 ^
conftest.c:22:9: error: expected '=', ',', ';', 'asm' or '__attribute__' before 'error'
 make an error "Character set is not EBCDIC"
         ^
configure:4396: $? = 1
configure: failed program was:
| /* confdefs.h */
| #define PACKAGE_NAME ""
| #define PACKAGE_TARNAME ""
| #define PACKAGE_VERSION ""
| #define PACKAGE_STRING ""
| #define PACKAGE_BUGREPORT ""
| #define PACKAGE_URL ""
| #define UNIX 1
| #define STDC_HEADERS 1
| #define HAVE_SYS_WAIT_H 1
| #define MODIFIED_BY "Larrupingpig"
| /* end confdefs.h.  */
| 
| int
| main ()
| {
|  /* TryCompile function for CharSet.
|    Treat any failure as ASCII for compatibility with existing art.
|    Use compile-time rather than run-time tests for cross-compiler
|    tolerance.  */
| #if '0'!=240
| make an error "Character set is not EBCDIC"
| #endif
|   ;
|   return 0;
| }
configure:4406: result: no
configure:4467: checking --disable-selinux argument
configure:4477: result: no
configure:4479: checking for is_selinux_enabled in -lselinux
configure:4513: result: no
configure:4527: checking --with-features argument
configure:4532: result: huge
configure:4563: checking --with-compiledby argument
configure:4568: result: Larrupingpig
configure:4577: checking --disable-xsmp argument
configure:4588: result: no
configure:4590: checking --disable-xsmp-interact argument
configure:4600: result: no
configure:4613: checking --enable-luainterp argument
configure:4622: result: yes
configure:4628: checking --with-lua-prefix argument
configure:4636: result: no
configure:4644: checking LUA_PREFIX environment var
configure:4651: result: not set, default to /usr
configure:4657: checking --with-luajit
configure:4667: result: no
configure:4738: checking for lua
configure:4771: result: no
configure:4800: checking if lua.h can be found in /usr/include
configure:4806: result: no
configure:4808: checking if lua.h can be found in /usr/include/lua
configure:4815: result: no
configure:4949: checking --enable-mzschemeinterp argument
configure:4958: result: no
configure:5285: checking --enable-perlinterp argument
configure:5294: result: yes
configure:5300: checking for perl
configure:5330: result: /usr/bin/perl
configure:5339: checking Perl version
configure:5363: result: OK
configure:5379: checking if compile and link flags for Perl are sane
configure:5399: gcc -o conftest -O6  -D_REENTRANT -D_GNU_SOURCE -DDEBIAN -fwrapv  -pipe -I/usr/local/include -D_LARGEFILE_SOURCE -D_FILE_OFFSET_BITS=64  -I/usr/lib/x86_64-linux-gnu/perl/5.20/CORE  -I/usr/local/include -Wl,-E  -L/usr/local/lib -Wl,--as-needed conftest.c  -Wl,-E  -fstack-protector -L/usr/local/lib  -L/usr/lib/x86_64-linux-gnu/perl/5.20/CORE -lperl -ldl -lm -lpthread -lcrypt >&5
/usr/bin/ld: cannot find -lperl
collect2: error: ld returned 1 exit status
configure:5399: $? = 1
configure: failed program was:
| /* confdefs.h */
| #define PACKAGE_NAME ""
| #define PACKAGE_TARNAME ""
| #define PACKAGE_VERSION ""
| #define PACKAGE_STRING ""
| #define PACKAGE_BUGREPORT ""
| #define PACKAGE_URL ""
| #define UNIX 1
| #define STDC_HEADERS 1
| #define HAVE_SYS_WAIT_H 1
| #define MODIFIED_BY "Larrupingpig"
| #define FEAT_HUGE 1
| #define USE_XSMP_INTERACT 1
| /* end confdefs.h.  */
| 
| int
| main ()
| {
| 
|   ;
|   return 0;
| }
configure:5403: result: no: PERL DISABLED
configure:5474: checking --enable-pythoninterp argument
configure:5483: result: yes
configure:5490: checking for python2
configure:5520: result: /usr/bin/python2
configure:5533: checking Python version
configure:5542: result: 2.7
configure:5545: checking Python is 2.3 or better
configure:5550: result: yep
configure:5553: checking Python's install prefix
configure:5562: result: /usr
configure:5565: checking Python's execution prefix
configure:5574: result: /usr
configure:5596: checking Python's configuration directory
configure:5618: result: 
configure:5624: result: can't find it!
configure:5781: checking --enable-python3interp argument
configure:5790: result: no
configure:6314: checking --enable-tclinterp argument
configure:6323: result: no
configure:6657: checking --enable-rubyinterp argument
configure:6666: result: yes
configure:6669: checking --with-ruby-command argument
configure:6678: result: defaulting to ruby
configure:6684: checking for ruby
configure:6717: result: no
configure:6811: checking --enable-cscope argument
configure:6820: result: yes
configure:6827: checking --enable-gdb argument
configure:6836: result: yes
configure:6839: checking --enable-workshop argument
configure:6848: result: no
configure:6862: checking --disable-netbeans argument
configure:6872: result: no
configure:6874: checking for socket in -lsocket
configure:6908: result: no
configure:6919: checking for gethostbyname in -lnsl
configure:6953: result: yes
configure:6964: checking whether compiling netbeans integration is possible
configure:7000: gcc -o conftest -O6 -I/usr/local/include -L/usr/local/lib -Wl,--as-needed conftest.c -lnsl  >&5
configure:7000: $? = 0
configure:7001: result: yes
configure:7022: checking --enable-sniff argument
configure:7031: result: no
configure:7042: checking --enable-multibyte argument
configure:7051: result: yes
configure:7058: checking --enable-hangulinput argument
configure:7067: result: no
configure:7070: checking --enable-xim argument
configure:7074: result: yes
configure:7082: checking --enable-fontset argument
configure:7091: result: yes
configure:7103: checking for xmkmf
configure:7136: result: no
configure:7142: checking for X
configure:7320: result: no
configure:7856: checking if X11 header files can be found
configure:7872: gcc -c -O6   -I/usr/local/include conftest.c >&5
conftest.c:20:22: fatal error: X11/Xlib.h: No such file or directory
 #include <X11/Xlib.h>
                      ^
compilation terminated.
configure:7872: $? = 1
configure: failed program was:
| /* confdefs.h */
| #define PACKAGE_NAME ""
| #define PACKAGE_TARNAME ""
| #define PACKAGE_VERSION ""
| #define PACKAGE_STRING ""
| #define PACKAGE_BUGREPORT ""
| #define PACKAGE_URL ""
| #define UNIX 1
| #define STDC_HEADERS 1
| #define HAVE_SYS_WAIT_H 1
| #define MODIFIED_BY "Larrupingpig"
| #define FEAT_HUGE 1
| #define USE_XSMP_INTERACT 1
| #define FEAT_CSCOPE 1
| #define HAVE_LIBNSL 1
| #define FEAT_NETBEANS_INTG 1
| #define FEAT_MBYTE 1
| #define X_DISPLAY_MISSING 1
| /* end confdefs.h.  */
| #include <X11/Xlib.h>
| #include <X11/Intrinsic.h>
| int
| main ()
| {
| 
|   ;
|   return 0;
| }
configure:7876: result: no
configure:8114: checking --enable-gui argument
configure:8174: result: no GUI support
configure:9038: checking for X11/SM/SMlib.h
configure:9038: result: no
configure:9186: result: no GUI selected; xim has been disabled
configure:9191: result: no GUI selected; fontset has been disabled
configure:9241: checking for CYGWIN environment
configure:9259: result: no
configure:9279: checking whether toupper is broken
configure:9316: result: no
configure:9324: checking whether __DATE__ and __TIME__ work
configure:9337: gcc -c -O6 -I/usr/local/include conftest.c >&5
configure:9337: $? = 0
configure:9338: result: yes
configure:9347: checking whether __attribute__((unused)) is allowed
configure:9360: gcc -c -O6 -I/usr/local/include conftest.c >&5
configure:9360: $? = 0
configure:9361: result: yes
configure:9370: checking for elf.h
configure:9370: result: yes
configure:9377: checking for main in -lelf
configure:9405: result: no
configure:9421: checking for dirent.h that defines DIR
configure:9448: result: yes
configure:9462: checking for library containing opendir
configure:9510: result: none required
configure:9618: checking for stdarg.h
configure:9618: result: yes
configure:9618: checking for stdint.h
configure:9618: result: yes
configure:9618: checking for stdlib.h
configure:9618: result: yes
configure:9618: checking for string.h
configure:9618: result: yes
configure:9618: checking for sys/select.h
configure:9618: result: yes
configure:9618: checking for sys/utsname.h
configure:9618: result: yes
configure:9618: checking for termcap.h
configure:9618: result: yes
configure:9618: checking for fcntl.h
configure:9618: result: yes
configure:9618: checking for sgtty.h
configure:9618: result: yes
configure:9618: checking for sys/ioctl.h
configure:9618: result: yes
configure:9618: checking for sys/time.h
configure:9618: result: yes
configure:9618: checking for sys/types.h
configure:9618: result: yes
configure:9618: checking for termio.h
configure:9618: result: yes
configure:9618: checking for iconv.h
configure:9618: result: yes
configure:9618: checking for inttypes.h
configure:9618: result: yes
configure:9618: checking for langinfo.h
configure:9618: result: yes
configure:9618: checking for math.h
configure:9618: result: yes
configure:9618: checking for unistd.h
configure:9618: result: yes
configure:9618: checking for stropts.h
configure:9618: result: yes
configure:9618: checking for errno.h
configure:9618: result: yes
configure:9618: checking for sys/resource.h
configure:9618: result: yes
configure:9618: checking for sys/systeminfo.h
configure:9618: result: no
configure:9618: checking for locale.h
configure:9618: result: yes
configure:9618: checking for sys/stream.h
configure:9618: result: no
configure:9618: checking for termios.h
configure:9618: result: yes
configure:9618: checking for libc.h
configure:9618: result: no
configure:9618: checking for sys/statfs.h
configure:9618: result: yes
configure:9618: checking for poll.h
configure:9618: result: yes
configure:9618: checking for sys/poll.h
configure:9618: result: yes
configure:9618: checking for pwd.h
configure:9618: result: yes
configure:9618: checking for utime.h
configure:9618: result: yes
configure:9618: checking for sys/param.h
configure:9618: result: yes
configure:9618: checking for libintl.h
configure:9618: result: yes
configure:9618: checking for libgen.h
configure:9618: result: yes
configure:9618: checking for util/debug.h
configure:9618: result: no
configure:9618: checking for util/msg18n.h
configure:9618: result: no
configure:9618: checking for frame.h
configure:9618: result: no
configure:9618: checking for sys/acl.h
configure:9618: result: no
configure:9618: checking for sys/access.h
configure:9618: result: no
configure:9618: checking for sys/sysinfo.h
configure:9618: result: yes
configure:9618: checking for wchar.h
configure:9618: result: yes
configure:9618: checking for wctype.h
configure:9618: result: yes
configure:9632: checking for sys/ptem.h
configure:9632: result: no
configure:9648: checking for sys/sysctl.h
configure:9648: result: yes
configure:9663: checking for pthread_np.h
configure:9678: gcc -c -O6 -I/usr/local/include conftest.c >&5
conftest.c:61:24: fatal error: pthread_np.h: No such file or directory
 #include <pthread_np.h>
                        ^
compilation terminated.
configure:9678: $? = 1
configure: failed program was:
| /* confdefs.h */
| #define PACKAGE_NAME ""
| #define PACKAGE_TARNAME ""
| #define PACKAGE_VERSION ""
| #define PACKAGE_STRING ""
| #define PACKAGE_BUGREPORT ""
| #define PACKAGE_URL ""
| #define UNIX 1
| #define STDC_HEADERS 1
| #define HAVE_SYS_WAIT_H 1
| #define MODIFIED_BY "Larrupingpig"
| #define FEAT_HUGE 1
| #define USE_XSMP_INTERACT 1
| #define FEAT_CSCOPE 1
| #define HAVE_LIBNSL 1
| #define FEAT_NETBEANS_INTG 1
| #define FEAT_MBYTE 1
| #define X_DISPLAY_MISSING 1
| #define FEAT_GDB 1
| #define HAVE_DATE_TIME 1
| #define HAVE_ATTRIBUTE_UNUSED 1
| #define HAVE_DIRENT_H 1
| #define HAVE_STDARG_H 1
| #define HAVE_STDINT_H 1
| #define HAVE_STDLIB_H 1
| #define HAVE_STRING_H 1
| #define HAVE_SYS_SELECT_H 1
| #define HAVE_SYS_UTSNAME_H 1
| #define HAVE_TERMCAP_H 1
| #define HAVE_FCNTL_H 1
| #define HAVE_SGTTY_H 1
| #define HAVE_SYS_IOCTL_H 1
| #define HAVE_SYS_TIME_H 1
| #define HAVE_SYS_TYPES_H 1
| #define HAVE_TERMIO_H 1
| #define HAVE_ICONV_H 1
| #define HAVE_INTTYPES_H 1
| #define HAVE_LANGINFO_H 1
| #define HAVE_MATH_H 1
| #define HAVE_UNISTD_H 1
| #define HAVE_STROPTS_H 1
| #define HAVE_ERRNO_H 1
| #define HAVE_SYS_RESOURCE_H 1
| #define HAVE_LOCALE_H 1
| #define HAVE_TERMIOS_H 1
| #define HAVE_SYS_STATFS_H 1
| #define HAVE_POLL_H 1
| #define HAVE_SYS_POLL_H 1
| #define HAVE_PWD_H 1
| #define HAVE_UTIME_H 1
| #define HAVE_SYS_PARAM_H 1
| #define HAVE_LIBINTL_H 1
| #define HAVE_LIBGEN_H 1
| #define HAVE_SYS_SYSINFO_H 1
| #define HAVE_WCHAR_H 1
| #define HAVE_WCTYPE_H 1
| #define HAVE_SYS_SYSCTL_H 1
| /* end confdefs.h.  */
| 
| #include <pthread.h>
| #include <pthread_np.h>
| int
| main ()
| {
| int i; i = 0;
|   ;
|   return 0;
| }
configure:9684: result: no
configure:9691: checking for strings.h
configure:9691: result: yes
configure:9706: checking if strings.h can be included after string.h
configure:9735: gcc -c -O6 -I/usr/local/include   conftest.c >&5
configure:9735: $? = 0
configure:9736: result: yes
configure:9749: checking whether gcc needs -traditional
configure:9783: result: no
configure:9790: checking for an ANSI C-conforming const
configure:9862: result: yes
configure:9870: checking for working volatile
configure:9896: result: yes
configure:9904: checking for mode_t
configure:9904: result: yes
configure:9915: checking for off_t
configure:9915: result: yes
configure:9926: checking for pid_t
configure:9926: result: yes
configure:9937: checking for size_t
configure:9937: result: yes
configure:9948: checking for uid_t in sys/types.h
configure:9967: result: yes
configure:9978: checking for uint32_t
configure:9978: result: yes
configure:9993: checking whether time.h and sys/time.h may both be included
configure:10020: result: yes
configure:10028: checking for ino_t
configure:10028: result: yes
configure:10039: checking for dev_t
configure:10039: result: yes
configure:10050: checking whether byte ordering is bigendian
configure:10256: result: no
configure:10275: checking for rlim_t
configure:10278: result: (cached) yes
configure:10311: checking for stack_t
configure:10314: result: (cached) yes
configure:10345: checking whether stack_t has an ss_base field
configure:10366: gcc -c -O6 -I/usr/local/include conftest.c >&5
conftest.c: In function 'main':
conftest.c:73:23: error: 'stack_t' has no member named 'ss_base'
 stack_t sigstk; sigstk.ss_base = 0;
                       ^
configure:10366: $? = 1
configure: failed program was:
| /* confdefs.h */
| #define PACKAGE_NAME ""
| #define PACKAGE_TARNAME ""
| #define PACKAGE_VERSION ""
| #define PACKAGE_STRING ""
| #define PACKAGE_BUGREPORT ""
| #define PACKAGE_URL ""
| #define UNIX 1
| #define STDC_HEADERS 1
| #define HAVE_SYS_WAIT_H 1
| #define MODIFIED_BY "Larrupingpig"
| #define FEAT_HUGE 1
| #define USE_XSMP_INTERACT 1
| #define FEAT_CSCOPE 1
| #define HAVE_LIBNSL 1
| #define FEAT_NETBEANS_INTG 1
| #define FEAT_MBYTE 1
| #define X_DISPLAY_MISSING 1
| #define FEAT_GDB 1
| #define HAVE_DATE_TIME 1
| #define HAVE_ATTRIBUTE_UNUSED 1
| #define HAVE_DIRENT_H 1
| #define HAVE_STDARG_H 1
| #define HAVE_STDINT_H 1
| #define HAVE_STDLIB_H 1
| #define HAVE_STRING_H 1
| #define HAVE_SYS_SELECT_H 1
| #define HAVE_SYS_UTSNAME_H 1
| #define HAVE_TERMCAP_H 1
| #define HAVE_FCNTL_H 1
| #define HAVE_SGTTY_H 1
| #define HAVE_SYS_IOCTL_H 1
| #define HAVE_SYS_TIME_H 1
| #define HAVE_SYS_TYPES_H 1
| #define HAVE_TERMIO_H 1
| #define HAVE_ICONV_H 1
| #define HAVE_INTTYPES_H 1
| #define HAVE_LANGINFO_H 1
| #define HAVE_MATH_H 1
| #define HAVE_UNISTD_H 1
| #define HAVE_STROPTS_H 1
| #define HAVE_ERRNO_H 1
| #define HAVE_SYS_RESOURCE_H 1
| #define HAVE_LOCALE_H 1
| #define HAVE_TERMIOS_H 1
| #define HAVE_SYS_STATFS_H 1
| #define HAVE_POLL_H 1
| #define HAVE_SYS_POLL_H 1
| #define HAVE_PWD_H 1
| #define HAVE_UTIME_H 1
| #define HAVE_SYS_PARAM_H 1
| #define HAVE_LIBINTL_H 1
| #define HAVE_LIBGEN_H 1
| #define HAVE_SYS_SYSINFO_H 1
| #define HAVE_WCHAR_H 1
| #define HAVE_WCTYPE_H 1
| #define HAVE_SYS_SYSCTL_H 1
| #define HAVE_STRINGS_H 1
| #define TIME_WITH_SYS_TIME 1
| /* end confdefs.h.  */
| 
| #include <sys/types.h>
| #if STDC_HEADERS
| # include <stdlib.h>
| # include <stddef.h>
| #endif
| #include <signal.h>
| #include "confdefs.h"
| 
| int
| main ()
| {
| stack_t sigstk; sigstk.ss_base = 0;
|   ;
|   return 0;
| }
configure:10371: result: no
configure:10377: checking --with-tlib argument
configure:10386: result: curses
configure:10389: checking for linking with curses library
configure:10402: gcc -o conftest -O6 -I/usr/local/include -L/usr/local/lib -Wl,--as-needed conftest.c -lnsl  -lcurses >&5
configure:10402: $? = 0
configure:10403: result: OK
configure:10507: checking for tgetent()
configure:10520: gcc -o conftest -O6 -I/usr/local/include -L/usr/local/lib -Wl,--as-needed conftest.c -lnsl  -lcurses >&5
configure:10520: $? = 0
configure:10521: result: yes
configure:10532: checking whether we talk terminfo
configure:10576: result: yes
configure:10635: checking whether termcap.h contains ospeed
configure:10652: gcc -o conftest -O6 -I/usr/local/include -L/usr/local/lib -Wl,--as-needed conftest.c -lnsl  -lcurses >&5
configure:10652: $? = 0
configure:10653: result: yes
configure:10692: checking whether termcap.h contains UP, BC and PC
configure:10709: gcc -o conftest -O6 -I/usr/local/include -L/usr/local/lib -Wl,--as-needed conftest.c -lnsl  -lcurses >&5
configure:10709: $? = 0
configure:10710: result: yes
configure:10749: checking whether tputs() uses outfuntype
configure:10766: gcc -c -O6 -I/usr/local/include conftest.c >&5
conftest.c: In function 'main':
conftest.c:72:36: error: 'outfuntype' undeclared (first use in this function)
 extern int xx(); tputs("test", 1, (outfuntype)xx)
                                    ^
conftest.c:72:36: note: each undeclared identifier is reported only once for each function it appears in
conftest.c:72:47: error: expected ')' before 'xx'
 extern int xx(); tputs("test", 1, (outfuntype)xx)
                                               ^
configure:10766: $? = 1
configure: failed program was:
| /* confdefs.h */
| #define PACKAGE_NAME ""
| #define PACKAGE_TARNAME ""
| #define PACKAGE_VERSION ""
| #define PACKAGE_STRING ""
| #define PACKAGE_BUGREPORT ""
| #define PACKAGE_URL ""
| #define UNIX 1
| #define STDC_HEADERS 1
| #define HAVE_SYS_WAIT_H 1
| #define MODIFIED_BY "Larrupingpig"
| #define FEAT_HUGE 1
| #define USE_XSMP_INTERACT 1
| #define FEAT_CSCOPE 1
| #define HAVE_LIBNSL 1
| #define FEAT_NETBEANS_INTG 1
| #define FEAT_MBYTE 1
| #define X_DISPLAY_MISSING 1
| #define FEAT_GDB 1
| #define HAVE_DATE_TIME 1
| #define HAVE_ATTRIBUTE_UNUSED 1
| #define HAVE_DIRENT_H 1
| #define HAVE_STDARG_H 1
| #define HAVE_STDINT_H 1
| #define HAVE_STDLIB_H 1
| #define HAVE_STRING_H 1
| #define HAVE_SYS_SELECT_H 1
| #define HAVE_SYS_UTSNAME_H 1
| #define HAVE_TERMCAP_H 1
| #define HAVE_FCNTL_H 1
| #define HAVE_SGTTY_H 1
| #define HAVE_SYS_IOCTL_H 1
| #define HAVE_SYS_TIME_H 1
| #define HAVE_SYS_TYPES_H 1
| #define HAVE_TERMIO_H 1
| #define HAVE_ICONV_H 1
| #define HAVE_INTTYPES_H 1
| #define HAVE_LANGINFO_H 1
| #define HAVE_MATH_H 1
| #define HAVE_UNISTD_H 1
| #define HAVE_STROPTS_H 1
| #define HAVE_ERRNO_H 1
| #define HAVE_SYS_RESOURCE_H 1
| #define HAVE_LOCALE_H 1
| #define HAVE_TERMIOS_H 1
| #define HAVE_SYS_STATFS_H 1
| #define HAVE_POLL_H 1
| #define HAVE_SYS_POLL_H 1
| #define HAVE_PWD_H 1
| #define HAVE_UTIME_H 1
| #define HAVE_SYS_PARAM_H 1
| #define HAVE_LIBINTL_H 1
| #define HAVE_LIBGEN_H 1
| #define HAVE_SYS_SYSINFO_H 1
| #define HAVE_WCHAR_H 1
| #define HAVE_WCTYPE_H 1
| #define HAVE_SYS_SYSCTL_H 1
| #define HAVE_STRINGS_H 1
| #define TIME_WITH_SYS_TIME 1
| #define TERMINFO 1
| #define HAVE_OSPEED 1
| #define HAVE_UP_BC_PC 1
| /* end confdefs.h.  */
| 
| #ifdef HAVE_TERMCAP_H
| # include <termcap.h>
| #endif
| 
| int
| main ()
| {
| extern int xx(); tputs("test", 1, (outfuntype)xx)
|   ;
|   return 0;
| }
configure:10771: result: no
configure:10776: checking whether sys/select.h and sys/time.h may both be included
configure:10792: gcc -c -O6 -I/usr/local/include conftest.c >&5
configure:10792: $? = 0
configure:10793: result: yes
configure:10804: checking for /dev/ptc
configure:10812: result: no
configure:10816: checking for SVR4 ptys
configure:10830: gcc -o conftest -O6 -I/usr/local/include -L/usr/local/lib -Wl,--as-needed conftest.c -lnsl  -lcurses >&5
configure:10830: $? = 0
configure:10831: result: yes
configure:10845: checking for ptyranges
configure:10881: result: don't know
configure:10886: checking default tty permissions/group
configure:10965: result: world
configure:10983: checking return type of signal handlers
configure:11008: result: void
configure:11025: checking for struct sigcontext
configure:11045: gcc -c -O6 -I/usr/local/include conftest.c >&5
configure:11045: $? = 0
configure:11046: result: yes
configure:11056: checking getcwd implementation is broken
configure:11099: result: no
configure:11116: checking for bcmp
configure:11116: result: yes
configure:11116: checking for fchdir
configure:11116: result: yes
configure:11116: checking for fchown
configure:11116: result: yes
configure:11116: checking for fsync
configure:11116: result: yes
configure:11116: checking for getcwd
configure:11116: result: yes
configure:11116: checking for getpseudotty
configure:11116: result: no
configure:11116: checking for getpwent
configure:11116: result: yes
configure:11116: checking for getpwnam
configure:11116: result: yes
configure:11116: checking for getpwuid
configure:11116: result: yes
configure:11116: checking for getrlimit
configure:11116: result: yes
configure:11116: checking for gettimeofday
configure:11116: result: yes
configure:11116: checking for getwd
configure:11116: result: yes
configure:11116: checking for lstat
configure:11116: result: yes
configure:11116: checking for memcmp
configure:11116: result: yes
configure:11116: checking for memset
configure:11116: result: yes
configure:11116: checking for mkdtemp
configure:11116: result: yes
configure:11116: checking for nanosleep
configure:11116: result: yes
configure:11116: checking for opendir
configure:11116: result: yes
configure:11116: checking for putenv
configure:11116: result: yes
configure:11116: checking for qsort
configure:11116: result: yes
configure:11116: checking for readlink
configure:11116: result: yes
configure:11116: checking for select
configure:11116: result: yes
configure:11116: checking for setenv
configure:11116: result: yes
configure:11116: checking for setpgid
configure:11116: result: yes
configure:11116: checking for setsid
configure:11116: result: yes
configure:11116: checking for sigaltstack
configure:11116: result: yes
configure:11116: checking for sigstack
configure:11116: result: yes
configure:11116: checking for sigset
configure:11116: result: yes
configure:11116: checking for sigsetjmp
configure:11116: result: no
configure:11116: checking for sigaction
configure:11116: result: yes
configure:11116: checking for sigvec
configure:11116: result: yes
configure:11116: checking for strcasecmp
configure:11116: result: yes
configure:11116: checking for strerror
configure:11116: result: yes
configure:11116: checking for strftime
configure:11116: result: yes
configure:11116: checking for stricmp
configure:11116: result: no
configure:11116: checking for strncasecmp
configure:11116: result: yes
configure:11116: checking for strnicmp
configure:11116: result: no
configure:11116: checking for strpbrk
configure:11116: result: yes
configure:11116: checking for strtol
configure:11116: result: yes
configure:11116: checking for tgetent
configure:11116: result: yes
configure:11116: checking for towlower
configure:11116: result: yes
configure:11116: checking for towupper
configure:11116: result: yes
configure:11116: checking for iswupper
configure:11116: result: yes
configure:11116: checking for usleep
configure:11116: result: yes
configure:11116: checking for utime
configure:11116: result: yes
configure:11116: checking for utimes
configure:11116: result: yes
configure:11126: checking for _LARGEFILE_SOURCE value needed for large files
configure:11173: result: no
configure:11202: checking for special C compiler options needed for large files
configure:11247: result: no
configure:11253: checking for _FILE_OFFSET_BITS value needed for large files
configure:11310: result: no
configure:11394: checking for st_blksize
configure:11412: gcc -c -O6 -I/usr/local/include conftest.c >&5
configure:11412: $? = 0
configure:11413: result: yes
configure:11422: checking whether stat() ignores a trailing slash
configure:11461: result: no
configure:11469: checking for iconv_open()
configure:11488: gcc -o conftest -O6 -I/usr/local/include -L/usr/local/lib -Wl,--as-needed conftest.c -lnsl  -lcurses -liconv >&5
/usr/bin/ld: cannot find -liconv
collect2: error: ld returned 1 exit status
configure:11488: $? = 1
configure: failed program was:
| /* confdefs.h */
| #define PACKAGE_NAME ""
| #define PACKAGE_TARNAME ""
| #define PACKAGE_VERSION ""
| #define PACKAGE_STRING ""
| #define PACKAGE_BUGREPORT ""
| #define PACKAGE_URL ""
| #define UNIX 1
| #define STDC_HEADERS 1
| #define HAVE_SYS_WAIT_H 1
| #define MODIFIED_BY "Larrupingpig"
| #define FEAT_HUGE 1
| #define USE_XSMP_INTERACT 1
| #define FEAT_CSCOPE 1
| #define HAVE_LIBNSL 1
| #define FEAT_NETBEANS_INTG 1
| #define FEAT_MBYTE 1
| #define X_DISPLAY_MISSING 1
| #define FEAT_GDB 1
| #define HAVE_DATE_TIME 1
| #define HAVE_ATTRIBUTE_UNUSED 1
| #define HAVE_DIRENT_H 1
| #define HAVE_STDARG_H 1
| #define HAVE_STDINT_H 1
| #define HAVE_STDLIB_H 1
| #define HAVE_STRING_H 1
| #define HAVE_SYS_SELECT_H 1
| #define HAVE_SYS_UTSNAME_H 1
| #define HAVE_TERMCAP_H 1
| #define HAVE_FCNTL_H 1
| #define HAVE_SGTTY_H 1
| #define HAVE_SYS_IOCTL_H 1
| #define HAVE_SYS_TIME_H 1
| #define HAVE_SYS_TYPES_H 1
| #define HAVE_TERMIO_H 1
| #define HAVE_ICONV_H 1
| #define HAVE_INTTYPES_H 1
| #define HAVE_LANGINFO_H 1
| #define HAVE_MATH_H 1
| #define HAVE_UNISTD_H 1
| #define HAVE_STROPTS_H 1
| #define HAVE_ERRNO_H 1
| #define HAVE_SYS_RESOURCE_H 1
| #define HAVE_LOCALE_H 1
| #define HAVE_TERMIOS_H 1
| #define HAVE_SYS_STATFS_H 1
| #define HAVE_POLL_H 1
| #define HAVE_SYS_POLL_H 1
| #define HAVE_PWD_H 1
| #define HAVE_UTIME_H 1
| #define HAVE_SYS_PARAM_H 1
| #define HAVE_LIBINTL_H 1
| #define HAVE_LIBGEN_H 1
| #define HAVE_SYS_SYSINFO_H 1
| #define HAVE_WCHAR_H 1
| #define HAVE_WCTYPE_H 1
| #define HAVE_SYS_SYSCTL_H 1
| #define HAVE_STRINGS_H 1
| #define TIME_WITH_SYS_TIME 1
| #define TERMINFO 1
| #define HAVE_OSPEED 1
| #define HAVE_UP_BC_PC 1
| #define SYS_SELECT_WITH_SYS_TIME 1
| #define HAVE_SVR4_PTYS 1
| #define RETSIGTYPE void
| #define SIGRETURN return
| #define HAVE_SIGCONTEXT 1
| #define HAVE_BCMP 1
| #define HAVE_FCHDIR 1
| #define HAVE_FCHOWN 1
| #define HAVE_FSYNC 1
| #define HAVE_GETCWD 1
| #define HAVE_GETPWENT 1
| #define HAVE_GETPWNAM 1
| #define HAVE_GETPWUID 1
| #define HAVE_GETRLIMIT 1
| #define HAVE_GETTIMEOFDAY 1
| #define HAVE_GETWD 1
| #define HAVE_LSTAT 1
| #define HAVE_MEMCMP 1
| #define HAVE_MEMSET 1
| #define HAVE_MKDTEMP 1
| #define HAVE_NANOSLEEP 1
| #define HAVE_OPENDIR 1
| #define HAVE_PUTENV 1
| #define HAVE_QSORT 1
| #define HAVE_READLINK 1
| #define HAVE_SELECT 1
| #define HAVE_SETENV 1
| #define HAVE_SETPGID 1
| #define HAVE_SETSID 1
| #define HAVE_SIGALTSTACK 1
| #define HAVE_SIGSTACK 1
| #define HAVE_SIGSET 1
| #define HAVE_SIGACTION 1
| #define HAVE_SIGVEC 1
| #define HAVE_STRCASECMP 1
| #define HAVE_STRERROR 1
| #define HAVE_STRFTIME 1
| #define HAVE_STRNCASECMP 1
| #define HAVE_STRPBRK 1
| #define HAVE_STRTOL 1
| #define HAVE_TGETENT 1
| #define HAVE_TOWLOWER 1
| #define HAVE_TOWUPPER 1
| #define HAVE_ISWUPPER 1
| #define HAVE_USLEEP 1
| #define HAVE_UTIME 1
| #define HAVE_UTIMES 1
| #define HAVE_FSEEKO 1
| #define HAVE_ST_BLKSIZE 1
| /* end confdefs.h.  */
| 
| #ifdef HAVE_ICONV_H
| # include <iconv.h>
| #endif
| 
| int
| main ()
| {
| iconv_open("fr", "to");
|   ;
|   return 0;
| }
configure:11509: gcc -o conftest -O6 -I/usr/local/include -L/usr/local/lib -Wl,--as-needed conftest.c -lnsl  -lcurses >&5
configure:11509: $? = 0
configure:11510: result: yes
configure:11524: checking for nl_langinfo(CODESET)
configure:11541: gcc -o conftest -O6 -I/usr/local/include -L/usr/local/lib -Wl,--as-needed conftest.c -lnsl  -lcurses >&5
configure:11541: $? = 0
configure:11542: result: yes
configure:11552: checking for strtod in -lm
configure:11586: result: yes
configure:11597: checking for strtod() and other floating point functions
configure:11629: gcc -o conftest -O6 -I/usr/local/include -L/usr/local/lib -Wl,--as-needed conftest.c -lm -lnsl  -lcurses >&5
configure:11629: $? = 0
configure:11630: result: yes
configure:11640: checking --disable-acl argument
configure:11650: result: no
configure:11652: checking for acl_get_file in -lposix1e
configure:11686: result: no
configure:11691: checking for acl_get_file in -lacl
configure:11725: result: no
configure:11774: checking for POSIX ACL support
configure:11794: gcc -o conftest -O6 -I/usr/local/include -L/usr/local/lib -Wl,--as-needed conftest.c -lm -lnsl  -lcurses >&5
conftest.c:122:1: error: unknown type name 'acl_t'
 acl_t acl;
 ^
conftest.c: In function 'main':
conftest.c:126:27: error: 'ACL_TYPE_ACCESS' undeclared (first use in this function)
 acl = acl_get_file("foo", ACL_TYPE_ACCESS);
                           ^
conftest.c:126:27: note: each undeclared identifier is reported only once for each function it appears in
configure:11794: $? = 1
configure: failed program was:
| /* confdefs.h */
| #define PACKAGE_NAME ""
| #define PACKAGE_TARNAME ""
| #define PACKAGE_VERSION ""
| #define PACKAGE_STRING ""
| #define PACKAGE_BUGREPORT ""
| #define PACKAGE_URL ""
| #define UNIX 1
| #define STDC_HEADERS 1
| #define HAVE_SYS_WAIT_H 1
| #define MODIFIED_BY "Larrupingpig"
| #define FEAT_HUGE 1
| #define USE_XSMP_INTERACT 1
| #define FEAT_CSCOPE 1
| #define HAVE_LIBNSL 1
| #define FEAT_NETBEANS_INTG 1
| #define FEAT_MBYTE 1
| #define X_DISPLAY_MISSING 1
| #define FEAT_GDB 1
| #define HAVE_DATE_TIME 1
| #define HAVE_ATTRIBUTE_UNUSED 1
| #define HAVE_DIRENT_H 1
| #define HAVE_STDARG_H 1
| #define HAVE_STDINT_H 1
| #define HAVE_STDLIB_H 1
| #define HAVE_STRING_H 1
| #define HAVE_SYS_SELECT_H 1
| #define HAVE_SYS_UTSNAME_H 1
| #define HAVE_TERMCAP_H 1
| #define HAVE_FCNTL_H 1
| #define HAVE_SGTTY_H 1
| #define HAVE_SYS_IOCTL_H 1
| #define HAVE_SYS_TIME_H 1
| #define HAVE_SYS_TYPES_H 1
| #define HAVE_TERMIO_H 1
| #define HAVE_ICONV_H 1
| #define HAVE_INTTYPES_H 1
| #define HAVE_LANGINFO_H 1
| #define HAVE_MATH_H 1
| #define HAVE_UNISTD_H 1
| #define HAVE_STROPTS_H 1
| #define HAVE_ERRNO_H 1
| #define HAVE_SYS_RESOURCE_H 1
| #define HAVE_LOCALE_H 1
| #define HAVE_TERMIOS_H 1
| #define HAVE_SYS_STATFS_H 1
| #define HAVE_POLL_H 1
| #define HAVE_SYS_POLL_H 1
| #define HAVE_PWD_H 1
| #define HAVE_UTIME_H 1
| #define HAVE_SYS_PARAM_H 1
| #define HAVE_LIBINTL_H 1
| #define HAVE_LIBGEN_H 1
| #define HAVE_SYS_SYSINFO_H 1
| #define HAVE_WCHAR_H 1
| #define HAVE_WCTYPE_H 1
| #define HAVE_SYS_SYSCTL_H 1
| #define HAVE_STRINGS_H 1
| #define TIME_WITH_SYS_TIME 1
| #define TERMINFO 1
| #define HAVE_OSPEED 1
| #define HAVE_UP_BC_PC 1
| #define SYS_SELECT_WITH_SYS_TIME 1
| #define HAVE_SVR4_PTYS 1
| #define RETSIGTYPE void
| #define SIGRETURN return
| #define HAVE_SIGCONTEXT 1
| #define HAVE_BCMP 1
| #define HAVE_FCHDIR 1
| #define HAVE_FCHOWN 1
| #define HAVE_FSYNC 1
| #define HAVE_GETCWD 1
| #define HAVE_GETPWENT 1
| #define HAVE_GETPWNAM 1
| #define HAVE_GETPWUID 1
| #define HAVE_GETRLIMIT 1
| #define HAVE_GETTIMEOFDAY 1
| #define HAVE_GETWD 1
| #define HAVE_LSTAT 1
| #define HAVE_MEMCMP 1
| #define HAVE_MEMSET 1
| #define HAVE_MKDTEMP 1
| #define HAVE_NANOSLEEP 1
| #define HAVE_OPENDIR 1
| #define HAVE_PUTENV 1
| #define HAVE_QSORT 1
| #define HAVE_READLINK 1
| #define HAVE_SELECT 1
| #define HAVE_SETENV 1
| #define HAVE_SETPGID 1
| #define HAVE_SETSID 1
| #define HAVE_SIGALTSTACK 1
| #define HAVE_SIGSTACK 1
| #define HAVE_SIGSET 1
| #define HAVE_SIGACTION 1
| #define HAVE_SIGVEC 1
| #define HAVE_STRCASECMP 1
| #define HAVE_STRERROR 1
| #define HAVE_STRFTIME 1
| #define HAVE_STRNCASECMP 1
| #define HAVE_STRPBRK 1
| #define HAVE_STRTOL 1
| #define HAVE_TGETENT 1
| #define HAVE_TOWLOWER 1
| #define HAVE_TOWUPPER 1
| #define HAVE_ISWUPPER 1
| #define HAVE_USLEEP 1
| #define HAVE_UTIME 1
| #define HAVE_UTIMES 1
| #define HAVE_FSEEKO 1
| #define HAVE_ST_BLKSIZE 1
| #define HAVE_ICONV 1
| #define HAVE_NL_LANGINFO_CODESET 1
| #define HAVE_LIBM 1
| #define HAVE_FLOAT_FUNCS 1
| /* end confdefs.h.  */
| 
| #include <sys/types.h>
| #ifdef HAVE_SYS_ACL_H
| # include <sys/acl.h>
| #endif
| acl_t acl;
| int
| main ()
| {
| acl = acl_get_file("foo", ACL_TYPE_ACCESS);
| 	acl_set_file("foo", ACL_TYPE_ACCESS, acl);
| 	acl_free(acl);
|   ;
|   return 0;
| }
configure:11799: result: no
configure:11805: checking for acl_get in -lsec
configure:11839: result: no
configure:11845: checking for Solaris ACL support
configure:11862: gcc -o conftest -O6 -I/usr/local/include -L/usr/local/lib -Wl,--as-needed conftest.c -lm -lnsl  -lcurses >&5
conftest.c: In function 'main':
conftest.c:124:12: error: 'GETACLCNT' undeclared (first use in this function)
 acl("foo", GETACLCNT, 0, NULL);
            ^
conftest.c:124:12: note: each undeclared identifier is reported only once for each function it appears in
conftest.c:124:26: error: 'NULL' undeclared (first use in this function)
 acl("foo", GETACLCNT, 0, NULL);
                          ^
configure:11862: $? = 1
configure: failed program was:
| /* confdefs.h */
| #define PACKAGE_NAME ""
| #define PACKAGE_TARNAME ""
| #define PACKAGE_VERSION ""
| #define PACKAGE_STRING ""
| #define PACKAGE_BUGREPORT ""
| #define PACKAGE_URL ""
| #define UNIX 1
| #define STDC_HEADERS 1
| #define HAVE_SYS_WAIT_H 1
| #define MODIFIED_BY "Larrupingpig"
| #define FEAT_HUGE 1
| #define USE_XSMP_INTERACT 1
| #define FEAT_CSCOPE 1
| #define HAVE_LIBNSL 1
| #define FEAT_NETBEANS_INTG 1
| #define FEAT_MBYTE 1
| #define X_DISPLAY_MISSING 1
| #define FEAT_GDB 1
| #define HAVE_DATE_TIME 1
| #define HAVE_ATTRIBUTE_UNUSED 1
| #define HAVE_DIRENT_H 1
| #define HAVE_STDARG_H 1
| #define HAVE_STDINT_H 1
| #define HAVE_STDLIB_H 1
| #define HAVE_STRING_H 1
| #define HAVE_SYS_SELECT_H 1
| #define HAVE_SYS_UTSNAME_H 1
| #define HAVE_TERMCAP_H 1
| #define HAVE_FCNTL_H 1
| #define HAVE_SGTTY_H 1
| #define HAVE_SYS_IOCTL_H 1
| #define HAVE_SYS_TIME_H 1
| #define HAVE_SYS_TYPES_H 1
| #define HAVE_TERMIO_H 1
| #define HAVE_ICONV_H 1
| #define HAVE_INTTYPES_H 1
| #define HAVE_LANGINFO_H 1
| #define HAVE_MATH_H 1
| #define HAVE_UNISTD_H 1
| #define HAVE_STROPTS_H 1
| #define HAVE_ERRNO_H 1
| #define HAVE_SYS_RESOURCE_H 1
| #define HAVE_LOCALE_H 1
| #define HAVE_TERMIOS_H 1
| #define HAVE_SYS_STATFS_H 1
| #define HAVE_POLL_H 1
| #define HAVE_SYS_POLL_H 1
| #define HAVE_PWD_H 1
| #define HAVE_UTIME_H 1
| #define HAVE_SYS_PARAM_H 1
| #define HAVE_LIBINTL_H 1
| #define HAVE_LIBGEN_H 1
| #define HAVE_SYS_SYSINFO_H 1
| #define HAVE_WCHAR_H 1
| #define HAVE_WCTYPE_H 1
| #define HAVE_SYS_SYSCTL_H 1
| #define HAVE_STRINGS_H 1
| #define TIME_WITH_SYS_TIME 1
| #define TERMINFO 1
| #define HAVE_OSPEED 1
| #define HAVE_UP_BC_PC 1
| #define SYS_SELECT_WITH_SYS_TIME 1
| #define HAVE_SVR4_PTYS 1
| #define RETSIGTYPE void
| #define SIGRETURN return
| #define HAVE_SIGCONTEXT 1
| #define HAVE_BCMP 1
| #define HAVE_FCHDIR 1
| #define HAVE_FCHOWN 1
| #define HAVE_FSYNC 1
| #define HAVE_GETCWD 1
| #define HAVE_GETPWENT 1
| #define HAVE_GETPWNAM 1
| #define HAVE_GETPWUID 1
| #define HAVE_GETRLIMIT 1
| #define HAVE_GETTIMEOFDAY 1
| #define HAVE_GETWD 1
| #define HAVE_LSTAT 1
| #define HAVE_MEMCMP 1
| #define HAVE_MEMSET 1
| #define HAVE_MKDTEMP 1
| #define HAVE_NANOSLEEP 1
| #define HAVE_OPENDIR 1
| #define HAVE_PUTENV 1
| #define HAVE_QSORT 1
| #define HAVE_READLINK 1
| #define HAVE_SELECT 1
| #define HAVE_SETENV 1
| #define HAVE_SETPGID 1
| #define HAVE_SETSID 1
| #define HAVE_SIGALTSTACK 1
| #define HAVE_SIGSTACK 1
| #define HAVE_SIGSET 1
| #define HAVE_SIGACTION 1
| #define HAVE_SIGVEC 1
| #define HAVE_STRCASECMP 1
| #define HAVE_STRERROR 1
| #define HAVE_STRFTIME 1
| #define HAVE_STRNCASECMP 1
| #define HAVE_STRPBRK 1
| #define HAVE_STRTOL 1
| #define HAVE_TGETENT 1
| #define HAVE_TOWLOWER 1
| #define HAVE_TOWUPPER 1
| #define HAVE_ISWUPPER 1
| #define HAVE_USLEEP 1
| #define HAVE_UTIME 1
| #define HAVE_UTIMES 1
| #define HAVE_FSEEKO 1
| #define HAVE_ST_BLKSIZE 1
| #define HAVE_ICONV 1
| #define HAVE_NL_LANGINFO_CODESET 1
| #define HAVE_LIBM 1
| #define HAVE_FLOAT_FUNCS 1
| /* end confdefs.h.  */
| 
| #ifdef HAVE_SYS_ACL_H
| # include <sys/acl.h>
| #endif
| int
| main ()
| {
| acl("foo", GETACLCNT, 0, NULL);
| 
|   ;
|   return 0;
| }
configure:11867: result: no
configure:11875: checking for AIX ACL support
configure:11907: gcc -o conftest -O6 -I/usr/local/include -L/usr/local/lib -Wl,--as-needed conftest.c -lm -lnsl  -lcurses >&5
conftest.c: In function 'main':
conftest.c:137:18: error: invalid application of 'sizeof' to incomplete type 'struct acl'
 aclsize = sizeof(struct acl);
                  ^
conftest.c:139:17: error: 'STX_NORMAL' undeclared (first use in this function)
  statacl("foo", STX_NORMAL, aclent, aclsize);
                 ^
conftest.c:139:17: note: each undeclared identifier is reported only once for each function it appears in
configure:11907: $? = 1
configure: failed program was:
| /* confdefs.h */
| #define PACKAGE_NAME ""
| #define PACKAGE_TARNAME ""
| #define PACKAGE_VERSION ""
| #define PACKAGE_STRING ""
| #define PACKAGE_BUGREPORT ""
| #define PACKAGE_URL ""
| #define UNIX 1
| #define STDC_HEADERS 1
| #define HAVE_SYS_WAIT_H 1
| #define MODIFIED_BY "Larrupingpig"
| #define FEAT_HUGE 1
| #define USE_XSMP_INTERACT 1
| #define FEAT_CSCOPE 1
| #define HAVE_LIBNSL 1
| #define FEAT_NETBEANS_INTG 1
| #define FEAT_MBYTE 1
| #define X_DISPLAY_MISSING 1
| #define FEAT_GDB 1
| #define HAVE_DATE_TIME 1
| #define HAVE_ATTRIBUTE_UNUSED 1
| #define HAVE_DIRENT_H 1
| #define HAVE_STDARG_H 1
| #define HAVE_STDINT_H 1
| #define HAVE_STDLIB_H 1
| #define HAVE_STRING_H 1
| #define HAVE_SYS_SELECT_H 1
| #define HAVE_SYS_UTSNAME_H 1
| #define HAVE_TERMCAP_H 1
| #define HAVE_FCNTL_H 1
| #define HAVE_SGTTY_H 1
| #define HAVE_SYS_IOCTL_H 1
| #define HAVE_SYS_TIME_H 1
| #define HAVE_SYS_TYPES_H 1
| #define HAVE_TERMIO_H 1
| #define HAVE_ICONV_H 1
| #define HAVE_INTTYPES_H 1
| #define HAVE_LANGINFO_H 1
| #define HAVE_MATH_H 1
| #define HAVE_UNISTD_H 1
| #define HAVE_STROPTS_H 1
| #define HAVE_ERRNO_H 1
| #define HAVE_SYS_RESOURCE_H 1
| #define HAVE_LOCALE_H 1
| #define HAVE_TERMIOS_H 1
| #define HAVE_SYS_STATFS_H 1
| #define HAVE_POLL_H 1
| #define HAVE_SYS_POLL_H 1
| #define HAVE_PWD_H 1
| #define HAVE_UTIME_H 1
| #define HAVE_SYS_PARAM_H 1
| #define HAVE_LIBINTL_H 1
| #define HAVE_LIBGEN_H 1
| #define HAVE_SYS_SYSINFO_H 1
| #define HAVE_WCHAR_H 1
| #define HAVE_WCTYPE_H 1
| #define HAVE_SYS_SYSCTL_H 1
| #define HAVE_STRINGS_H 1
| #define TIME_WITH_SYS_TIME 1
| #define TERMINFO 1
| #define HAVE_OSPEED 1
| #define HAVE_UP_BC_PC 1
| #define SYS_SELECT_WITH_SYS_TIME 1
| #define HAVE_SVR4_PTYS 1
| #define RETSIGTYPE void
| #define SIGRETURN return
| #define HAVE_SIGCONTEXT 1
| #define HAVE_BCMP 1
| #define HAVE_FCHDIR 1
| #define HAVE_FCHOWN 1
| #define HAVE_FSYNC 1
| #define HAVE_GETCWD 1
| #define HAVE_GETPWENT 1
| #define HAVE_GETPWNAM 1
| #define HAVE_GETPWUID 1
| #define HAVE_GETRLIMIT 1
| #define HAVE_GETTIMEOFDAY 1
| #define HAVE_GETWD 1
| #define HAVE_LSTAT 1
| #define HAVE_MEMCMP 1
| #define HAVE_MEMSET 1
| #define HAVE_MKDTEMP 1
| #define HAVE_NANOSLEEP 1
| #define HAVE_OPENDIR 1
| #define HAVE_PUTENV 1
| #define HAVE_QSORT 1
| #define HAVE_READLINK 1
| #define HAVE_SELECT 1
| #define HAVE_SETENV 1
| #define HAVE_SETPGID 1
| #define HAVE_SETSID 1
| #define HAVE_SIGALTSTACK 1
| #define HAVE_SIGSTACK 1
| #define HAVE_SIGSET 1
| #define HAVE_SIGACTION 1
| #define HAVE_SIGVEC 1
| #define HAVE_STRCASECMP 1
| #define HAVE_STRERROR 1
| #define HAVE_STRFTIME 1
| #define HAVE_STRNCASECMP 1
| #define HAVE_STRPBRK 1
| #define HAVE_STRTOL 1
| #define HAVE_TGETENT 1
| #define HAVE_TOWLOWER 1
| #define HAVE_TOWUPPER 1
| #define HAVE_ISWUPPER 1
| #define HAVE_USLEEP 1
| #define HAVE_UTIME 1
| #define HAVE_UTIMES 1
| #define HAVE_FSEEKO 1
| #define HAVE_ST_BLKSIZE 1
| #define HAVE_ICONV 1
| #define HAVE_NL_LANGINFO_CODESET 1
| #define HAVE_LIBM 1
| #define HAVE_FLOAT_FUNCS 1
| /* end confdefs.h.  */
| 
| #if STDC_HEADERS
| # include <stdlib.h>
| # include <stddef.h>
| #endif
| #ifdef HAVE_SYS_ACL_H
| # include <sys/acl.h>
| #endif
| #ifdef HAVE_SYS_ACCESS_H
| # include <sys/access.h>
| #endif
| #define _ALL_SOURCE
| 
| #include <sys/stat.h>
| 
| int aclsize;
| struct acl *aclent;
| int
| main ()
| {
| aclsize = sizeof(struct acl);
| 	aclent = (void *)malloc(aclsize);
| 	statacl("foo", STX_NORMAL, aclent, aclsize);
| 
|   ;
|   return 0;
| }
configure:11912: result: no
configure:11922: checking --disable-gpm argument
configure:11933: result: no
configure:11935: checking for gpm
configure:11963: result: no
configure:11975: checking --disable-sysmouse argument
configure:11986: result: no
configure:11988: checking for sysmouse
configure:12019: result: no
configure:12030: checking for FD_CLOEXEC
configure:12045: gcc -c -O6 -I/usr/local/include conftest.c >&5
configure:12045: $? = 0
configure:12046: result: yes
configure:12055: checking for rename
configure:12068: gcc -o conftest -O6 -I/usr/local/include -L/usr/local/lib -Wl,--as-needed conftest.c -lm -lnsl  -lcurses >&5
configure:12068: $? = 0
configure:12069: result: yes
configure:12079: checking for sysctl
configure:12100: gcc -c -O6 -I/usr/local/include conftest.c >&5
conftest.c: In function 'main':
conftest.c:127:11: error: 'CTL_HW' undeclared (first use in this function)
  mib[0] = CTL_HW;
           ^
conftest.c:127:11: note: each undeclared identifier is reported only once for each function it appears in
conftest.c:128:11: error: 'HW_USERMEM' undeclared (first use in this function)
  mib[1] = HW_USERMEM;
           ^
configure:12100: $? = 1
configure: failed program was:
| /* confdefs.h */
| #define PACKAGE_NAME ""
| #define PACKAGE_TARNAME ""
| #define PACKAGE_VERSION ""
| #define PACKAGE_STRING ""
| #define PACKAGE_BUGREPORT ""
| #define PACKAGE_URL ""
| #define UNIX 1
| #define STDC_HEADERS 1
| #define HAVE_SYS_WAIT_H 1
| #define MODIFIED_BY "Larrupingpig"
| #define FEAT_HUGE 1
| #define USE_XSMP_INTERACT 1
| #define FEAT_CSCOPE 1
| #define HAVE_LIBNSL 1
| #define FEAT_NETBEANS_INTG 1
| #define FEAT_MBYTE 1
| #define X_DISPLAY_MISSING 1
| #define FEAT_GDB 1
| #define HAVE_DATE_TIME 1
| #define HAVE_ATTRIBUTE_UNUSED 1
| #define HAVE_DIRENT_H 1
| #define HAVE_STDARG_H 1
| #define HAVE_STDINT_H 1
| #define HAVE_STDLIB_H 1
| #define HAVE_STRING_H 1
| #define HAVE_SYS_SELECT_H 1
| #define HAVE_SYS_UTSNAME_H 1
| #define HAVE_TERMCAP_H 1
| #define HAVE_FCNTL_H 1
| #define HAVE_SGTTY_H 1
| #define HAVE_SYS_IOCTL_H 1
| #define HAVE_SYS_TIME_H 1
| #define HAVE_SYS_TYPES_H 1
| #define HAVE_TERMIO_H 1
| #define HAVE_ICONV_H 1
| #define HAVE_INTTYPES_H 1
| #define HAVE_LANGINFO_H 1
| #define HAVE_MATH_H 1
| #define HAVE_UNISTD_H 1
| #define HAVE_STROPTS_H 1
| #define HAVE_ERRNO_H 1
| #define HAVE_SYS_RESOURCE_H 1
| #define HAVE_LOCALE_H 1
| #define HAVE_TERMIOS_H 1
| #define HAVE_SYS_STATFS_H 1
| #define HAVE_POLL_H 1
| #define HAVE_SYS_POLL_H 1
| #define HAVE_PWD_H 1
| #define HAVE_UTIME_H 1
| #define HAVE_SYS_PARAM_H 1
| #define HAVE_LIBINTL_H 1
| #define HAVE_LIBGEN_H 1
| #define HAVE_SYS_SYSINFO_H 1
| #define HAVE_WCHAR_H 1
| #define HAVE_WCTYPE_H 1
| #define HAVE_SYS_SYSCTL_H 1
| #define HAVE_STRINGS_H 1
| #define TIME_WITH_SYS_TIME 1
| #define TERMINFO 1
| #define HAVE_OSPEED 1
| #define HAVE_UP_BC_PC 1
| #define SYS_SELECT_WITH_SYS_TIME 1
| #define HAVE_SVR4_PTYS 1
| #define RETSIGTYPE void
| #define SIGRETURN return
| #define HAVE_SIGCONTEXT 1
| #define HAVE_BCMP 1
| #define HAVE_FCHDIR 1
| #define HAVE_FCHOWN 1
| #define HAVE_FSYNC 1
| #define HAVE_GETCWD 1
| #define HAVE_GETPWENT 1
| #define HAVE_GETPWNAM 1
| #define HAVE_GETPWUID 1
| #define HAVE_GETRLIMIT 1
| #define HAVE_GETTIMEOFDAY 1
| #define HAVE_GETWD 1
| #define HAVE_LSTAT 1
| #define HAVE_MEMCMP 1
| #define HAVE_MEMSET 1
| #define HAVE_MKDTEMP 1
| #define HAVE_NANOSLEEP 1
| #define HAVE_OPENDIR 1
| #define HAVE_PUTENV 1
| #define HAVE_QSORT 1
| #define HAVE_READLINK 1
| #define HAVE_SELECT 1
| #define HAVE_SETENV 1
| #define HAVE_SETPGID 1
| #define HAVE_SETSID 1
| #define HAVE_SIGALTSTACK 1
| #define HAVE_SIGSTACK 1
| #define HAVE_SIGSET 1
| #define HAVE_SIGACTION 1
| #define HAVE_SIGVEC 1
| #define HAVE_STRCASECMP 1
| #define HAVE_STRERROR 1
| #define HAVE_STRFTIME 1
| #define HAVE_STRNCASECMP 1
| #define HAVE_STRPBRK 1
| #define HAVE_STRTOL 1
| #define HAVE_TGETENT 1
| #define HAVE_TOWLOWER 1
| #define HAVE_TOWUPPER 1
| #define HAVE_ISWUPPER 1
| #define HAVE_USLEEP 1
| #define HAVE_UTIME 1
| #define HAVE_UTIMES 1
| #define HAVE_FSEEKO 1
| #define HAVE_ST_BLKSIZE 1
| #define HAVE_ICONV 1
| #define HAVE_NL_LANGINFO_CODESET 1
| #define HAVE_LIBM 1
| #define HAVE_FLOAT_FUNCS 1
| #define HAVE_FD_CLOEXEC 1
| #define HAVE_RENAME 1
| /* end confdefs.h.  */
| #include <sys/types.h>
| #include <sys/sysctl.h>
| int
| main ()
| {
| 	int mib[2], r;
| 	size_t len;
| 
| 	mib[0] = CTL_HW;
| 	mib[1] = HW_USERMEM;
| 	len = sizeof(r);
| 	(void)sysctl(mib, 2, &r, &len, (void *)0, (size_t)0);
| 
|   ;
|   return 0;
| }
configure:12105: result: not usable
configure:12110: checking for sysinfo
configure:12129: gcc -c -O6 -I/usr/local/include conftest.c >&5
configure:12129: $? = 0
configure:12130: result: yes
configure:12139: checking for sysinfo.mem_unit
configure:12155: gcc -c -O6 -I/usr/local/include conftest.c >&5
configure:12155: $? = 0
configure:12156: result: yes
configure:12165: checking for sysconf
configure:12180: gcc -c -O6 -I/usr/local/include conftest.c >&5
configure:12180: $? = 0
configure:12181: result: yes
configure:12194: checking size of int
configure:12214: result: 4
configure:12228: checking size of long
configure:12248: result: 8
configure:12262: checking size of time_t
configure:12282: result: 8
configure:12296: checking size of off_t
configure:12316: result: 8
configure:12327: checking uint32_t is 32 bits
configure:12349: gcc -o conftest -O6 -I/usr/local/include -L/usr/local/lib -Wl,--as-needed conftest.c -lm -lnsl  -lcurses >&5
conftest.c: In function 'main':
conftest.c:136:69: warning: incompatible implicit declaration of built-in function 'exit'
   if (sizeof(uint32_t) != 4 || nr1 != 0xffffffffUL || nr2 + 1 != 0) exit(1);
                                                                     ^
configure:12349: $? = 0
configure:12349: ./conftest
configure:12349: $? = 0
configure:12350: result: ok
configure:12383: checking whether memmove handles overlaps
configure:12413: result: yes
configure:12558: checking for _xpg4_setrunelocale in -lxpg4
configure:12592: result: no
configure:12599: checking how to create tags
auto/configure: line 12604: exctags: command not found
auto/configure: line 12606: exuberant-ctags: command not found
etags: skipping /dev/null: it is not a regular file.
etags: no input files specified.
	Try `etags --help' for a complete list of options.
ctags: skipping /dev/null: it is not a regular file.
ctags: skipping /dev/null: it is not a regular file.
ctags: invalid option -- 's'
	Try `ctags --help' for a complete list of options.
ctags: invalid option -- 's'
	Try `ctags --help' for a complete list of options.
ctags: invalid option -- 'i'
	Try `ctags --help' for a complete list of options.
configure:12619: result: ctags -t
configure:12622: checking how to run man with a section nr
configure:12626: result: man -s
configure:12633: checking --disable-nls argument
configure:12644: result: no
configure:12654: checking for msgfmt
configure:12684: result: no
configure:12689: checking for NLS
configure:12736: result: msgfmt not found - disabled
configure:12789: checking for dlfcn.h
configure:12789: result: yes
configure:12806: checking for dlopen()
configure:12822: gcc -o conftest -O6 -I/usr/local/include -L/usr/local/lib -Wl,--as-needed conftest.c -lm -lnsl  -lcurses >&5
/tmp/cclvlKlH.o: In function `main':
conftest.c:(.text.startup+0x7): undefined reference to `dlopen'
collect2: error: ld returned 1 exit status
configure:12822: $? = 1
configure: failed program was:
| /* confdefs.h */
| #define PACKAGE_NAME ""
| #define PACKAGE_TARNAME ""
| #define PACKAGE_VERSION ""
| #define PACKAGE_STRING ""
| #define PACKAGE_BUGREPORT ""
| #define PACKAGE_URL ""
| #define UNIX 1
| #define STDC_HEADERS 1
| #define HAVE_SYS_WAIT_H 1
| #define MODIFIED_BY "Larrupingpig"
| #define FEAT_HUGE 1
| #define USE_XSMP_INTERACT 1
| #define FEAT_CSCOPE 1
| #define HAVE_LIBNSL 1
| #define FEAT_NETBEANS_INTG 1
| #define FEAT_MBYTE 1
| #define X_DISPLAY_MISSING 1
| #define FEAT_GDB 1
| #define HAVE_DATE_TIME 1
| #define HAVE_ATTRIBUTE_UNUSED 1
| #define HAVE_DIRENT_H 1
| #define HAVE_STDARG_H 1
| #define HAVE_STDINT_H 1
| #define HAVE_STDLIB_H 1
| #define HAVE_STRING_H 1
| #define HAVE_SYS_SELECT_H 1
| #define HAVE_SYS_UTSNAME_H 1
| #define HAVE_TERMCAP_H 1
| #define HAVE_FCNTL_H 1
| #define HAVE_SGTTY_H 1
| #define HAVE_SYS_IOCTL_H 1
| #define HAVE_SYS_TIME_H 1
| #define HAVE_SYS_TYPES_H 1
| #define HAVE_TERMIO_H 1
| #define HAVE_ICONV_H 1
| #define HAVE_INTTYPES_H 1
| #define HAVE_LANGINFO_H 1
| #define HAVE_MATH_H 1
| #define HAVE_UNISTD_H 1
| #define HAVE_STROPTS_H 1
| #define HAVE_ERRNO_H 1
| #define HAVE_SYS_RESOURCE_H 1
| #define HAVE_LOCALE_H 1
| #define HAVE_TERMIOS_H 1
| #define HAVE_SYS_STATFS_H 1
| #define HAVE_POLL_H 1
| #define HAVE_SYS_POLL_H 1
| #define HAVE_PWD_H 1
| #define HAVE_UTIME_H 1
| #define HAVE_SYS_PARAM_H 1
| #define HAVE_LIBINTL_H 1
| #define HAVE_LIBGEN_H 1
| #define HAVE_SYS_SYSINFO_H 1
| #define HAVE_WCHAR_H 1
| #define HAVE_WCTYPE_H 1
| #define HAVE_SYS_SYSCTL_H 1
| #define HAVE_STRINGS_H 1
| #define TIME_WITH_SYS_TIME 1
| #define TERMINFO 1
| #define HAVE_OSPEED 1
| #define HAVE_UP_BC_PC 1
| #define SYS_SELECT_WITH_SYS_TIME 1
| #define HAVE_SVR4_PTYS 1
| #define RETSIGTYPE void
| #define SIGRETURN return
| #define HAVE_SIGCONTEXT 1
| #define HAVE_BCMP 1
| #define HAVE_FCHDIR 1
| #define HAVE_FCHOWN 1
| #define HAVE_FSYNC 1
| #define HAVE_GETCWD 1
| #define HAVE_GETPWENT 1
| #define HAVE_GETPWNAM 1
| #define HAVE_GETPWUID 1
| #define HAVE_GETRLIMIT 1
| #define HAVE_GETTIMEOFDAY 1
| #define HAVE_GETWD 1
| #define HAVE_LSTAT 1
| #define HAVE_MEMCMP 1
| #define HAVE_MEMSET 1
| #define HAVE_MKDTEMP 1
| #define HAVE_NANOSLEEP 1
| #define HAVE_OPENDIR 1
| #define HAVE_PUTENV 1
| #define HAVE_QSORT 1
| #define HAVE_READLINK 1
| #define HAVE_SELECT 1
| #define HAVE_SETENV 1
| #define HAVE_SETPGID 1
| #define HAVE_SETSID 1
| #define HAVE_SIGALTSTACK 1
| #define HAVE_SIGSTACK 1
| #define HAVE_SIGSET 1
| #define HAVE_SIGACTION 1
| #define HAVE_SIGVEC 1
| #define HAVE_STRCASECMP 1
| #define HAVE_STRERROR 1
| #define HAVE_STRFTIME 1
| #define HAVE_STRNCASECMP 1
| #define HAVE_STRPBRK 1
| #define HAVE_STRTOL 1
| #define HAVE_TGETENT 1
| #define HAVE_TOWLOWER 1
| #define HAVE_TOWUPPER 1
| #define HAVE_ISWUPPER 1
| #define HAVE_USLEEP 1
| #define HAVE_UTIME 1
| #define HAVE_UTIMES 1
| #define HAVE_FSEEKO 1
| #define HAVE_ST_BLKSIZE 1
| #define HAVE_ICONV 1
| #define HAVE_NL_LANGINFO_CODESET 1
| #define HAVE_LIBM 1
| #define HAVE_FLOAT_FUNCS 1
| #define HAVE_FD_CLOEXEC 1
| #define HAVE_RENAME 1
| #define HAVE_SYSINFO 1
| #define HAVE_SYSINFO_MEM_UNIT 1
| #define HAVE_SYSCONF 1
| #define SIZEOF_INT 4
| #define SIZEOF_LONG 8
| #define SIZEOF_TIME_T 8
| #define SIZEOF_OFF_T 8
| #define USEMEMMOVE 1
| #define USEMAN_S 1
| #define HAVE_DLFCN_H 1
| /* end confdefs.h.  */
| 
| int
| main ()
| {
| 
| 		extern void* dlopen();
| 		dlopen();
| 
|   ;
|   return 0;
| }
configure:12829: result: no
configure:12831: checking for dlopen() in -ldl
configure:12849: gcc -o conftest -O6 -I/usr/local/include -L/usr/local/lib -Wl,--as-needed conftest.c -lm -lnsl  -lcurses -ldl >&5
configure:12849: $? = 0
configure:12850: result: yes
configure:12865: checking for dlsym()
configure:12881: gcc -o conftest -O6 -I/usr/local/include -L/usr/local/lib -Wl,--as-needed conftest.c -lm -lnsl  -lcurses -ldl >&5
configure:12881: $? = 0
configure:12882: result: yes
configure:12990: checking for setjmp.h
configure:12990: result: yes
configure:13030: checking for GCC 3 or later
configure:13035: result: yes
configure:13041: checking whether we need -D_FORTIFY_SOURCE=1
configure:13045: result: yes
configure:13054: checking linker --as-needed support
configure:13063: result: yes
configure:13181: creating auto/config.status

## ---------------------- ##
## Running config.status. ##
## ---------------------- ##

This file was extended by config.status, which was
generated by GNU Autoconf 2.65.  Invocation command line was

  CONFIG_FILES    = 
  CONFIG_HEADERS  = 
  CONFIG_LINKS    = 
  CONFIG_COMMANDS = 
  $ auto/config.status 

on debian

config.status:1015: creating auto/config.mk
config.status:1015: creating auto/config.h
config.status:1176: auto/config.h is unchanged

## ---------------- ##
## Cache variables. ##
## ---------------- ##

ac_cv_c_bigendian=no
ac_cv_c_compiler_gnu=yes
ac_cv_c_const=yes
ac_cv_c_uint32_t=yes
ac_cv_c_volatile=yes
ac_cv_env_CC_set=set
ac_cv_env_CC_value=gcc
ac_cv_env_CFLAGS_set=set
ac_cv_env_CFLAGS_value=-O6
ac_cv_env_CPPFLAGS_set=set
ac_cv_env_CPPFLAGS_value=-I/usr/local/include
ac_cv_env_CPP_set=
ac_cv_env_CPP_value=
ac_cv_env_LDFLAGS_set=set
ac_cv_env_LDFLAGS_value='-L/usr/local/lib -Wl,--as-needed'
ac_cv_env_LIBS_set=
ac_cv_env_LIBS_value=
ac_cv_env_XMKMF_set=
ac_cv_env_XMKMF_value=
ac_cv_env_build_alias_set=
ac_cv_env_build_alias_value=
ac_cv_env_host_alias_set=
ac_cv_env_host_alias_value=
ac_cv_env_target_alias_set=
ac_cv_env_target_alias_value=
ac_cv_func_bcmp=yes
ac_cv_func_fchdir=yes
ac_cv_func_fchown=yes
ac_cv_func_fsync=yes
ac_cv_func_getcwd=yes
ac_cv_func_getpseudotty=no
ac_cv_func_getpwent=yes
ac_cv_func_getpwnam=yes
ac_cv_func_getpwuid=yes
ac_cv_func_getrlimit=yes
ac_cv_func_gettimeofday=yes
ac_cv_func_getwd=yes
ac_cv_func_iswupper=yes
ac_cv_func_lstat=yes
ac_cv_func_memcmp=yes
ac_cv_func_memset=yes
ac_cv_func_mkdtemp=yes
ac_cv_func_nanosleep=yes
ac_cv_func_opendir=yes
ac_cv_func_putenv=yes
ac_cv_func_qsort=yes
ac_cv_func_readlink=yes
ac_cv_func_select=yes
ac_cv_func_setenv=yes
ac_cv_func_setpgid=yes
ac_cv_func_setsid=yes
ac_cv_func_sigaction=yes
ac_cv_func_sigaltstack=yes
ac_cv_func_sigset=yes
ac_cv_func_sigsetjmp=no
ac_cv_func_sigstack=yes
ac_cv_func_sigvec=yes
ac_cv_func_strcasecmp=yes
ac_cv_func_strerror=yes
ac_cv_func_strftime=yes
ac_cv_func_stricmp=no
ac_cv_func_strncasecmp=yes
ac_cv_func_strnicmp=no
ac_cv_func_strpbrk=yes
ac_cv_func_strtol=yes
ac_cv_func_tgetent=yes
ac_cv_func_towlower=yes
ac_cv_func_towupper=yes
ac_cv_func_usleep=yes
ac_cv_func_utime=yes
ac_cv_func_utimes=yes
ac_cv_have_x=have_x=no
ac_cv_header_X11_SM_SMlib_h=no
ac_cv_header_dirent_dirent_h=yes
ac_cv_header_dlfcn_h=yes
ac_cv_header_elf_h=yes
ac_cv_header_errno_h=yes
ac_cv_header_fcntl_h=yes
ac_cv_header_frame_h=no
ac_cv_header_iconv_h=yes
ac_cv_header_inttypes_h=yes
ac_cv_header_langinfo_h=yes
ac_cv_header_libc_h=no
ac_cv_header_libgen_h=yes
ac_cv_header_libintl_h=yes
ac_cv_header_locale_h=yes
ac_cv_header_math_h=yes
ac_cv_header_poll_h=yes
ac_cv_header_pwd_h=yes
ac_cv_header_setjmp_h=yes
ac_cv_header_sgtty_h=yes
ac_cv_header_stdarg_h=yes
ac_cv_header_stdc=yes
ac_cv_header_stdint_h=yes
ac_cv_header_stdlib_h=yes
ac_cv_header_string_h=yes
ac_cv_header_strings_h=yes
ac_cv_header_stropts_h=yes
ac_cv_header_sys_access_h=no
ac_cv_header_sys_acl_h=no
ac_cv_header_sys_ioctl_h=yes
ac_cv_header_sys_param_h=yes
ac_cv_header_sys_poll_h=yes
ac_cv_header_sys_ptem_h=no
ac_cv_header_sys_resource_h=yes
ac_cv_header_sys_select_h=yes
ac_cv_header_sys_statfs_h=yes
ac_cv_header_sys_stream_h=no
ac_cv_header_sys_sysctl_h=yes
ac_cv_header_sys_sysinfo_h=yes
ac_cv_header_sys_systeminfo_h=no
ac_cv_header_sys_time_h=yes
ac_cv_header_sys_types_h=yes
ac_cv_header_sys_utsname_h=yes
ac_cv_header_sys_wait_h=yes
ac_cv_header_termcap_h=yes
ac_cv_header_termio_h=yes
ac_cv_header_termios_h=yes
ac_cv_header_time=yes
ac_cv_header_unistd_h=yes
ac_cv_header_util_debug_h=no
ac_cv_header_util_msg18n_h=no
ac_cv_header_utime_h=yes
ac_cv_header_wchar_h=yes
ac_cv_header_wctype_h=yes
ac_cv_lib_acl_acl_get_file=no
ac_cv_lib_elf_main=no
ac_cv_lib_m_strtod=yes
ac_cv_lib_nsl_gethostbyname=yes
ac_cv_lib_posix1e_acl_get_file=no
ac_cv_lib_sec_acl_get=no
ac_cv_lib_selinux_is_selinux_enabled=no
ac_cv_lib_socket_socket=no
ac_cv_lib_xpg4__xpg4_setrunelocale=no
ac_cv_objext=o
ac_cv_path_EGREP='/bin/grep -E'
ac_cv_path_GREP=/bin/grep
ac_cv_path_vi_cv_path_perl=/usr/bin/perl
ac_cv_path_vi_cv_path_python=/usr/bin/python2
ac_cv_prog_AWK=gawk
ac_cv_prog_CPP='gcc -E'
ac_cv_prog_STRIP=strip
ac_cv_prog_ac_ct_CC=gcc
ac_cv_prog_cc_c89=
ac_cv_prog_cc_g=yes
ac_cv_prog_gcc_traditional=no
ac_cv_prog_make_make_set=yes
ac_cv_search_opendir='none required'
ac_cv_search_strerror='none required'
ac_cv_sizeof_int=4
ac_cv_sizeof_long=8
ac_cv_sizeof_off_t=8
ac_cv_sizeof_time_t=8
ac_cv_sys_file_offset_bits=no
ac_cv_sys_largefile_CC=no
ac_cv_sys_largefile_source=no
ac_cv_type_dev_t=yes
ac_cv_type_ino_t=yes
ac_cv_type_mode_t=yes
ac_cv_type_off_t=yes
ac_cv_type_pid_t=yes
ac_cv_type_rlim_t=yes
ac_cv_type_signal=void
ac_cv_type_size_t=yes
ac_cv_type_stack_t=yes
ac_cv_type_uid_t=yes
cf_cv_ebcdic=no
vi_cv_have_gpm=no
vi_cv_have_sysmouse=no
vi_cv_path_lua=
vi_cv_path_lua_pfx=
vi_cv_path_perl=/usr/bin/perl
vi_cv_path_plain_lua=
vi_cv_path_python=/usr/bin/python2
vi_cv_path_python_conf=
vi_cv_path_python_epfx=/usr
vi_cv_path_python_pfx=/usr
vi_cv_path_pythonpath=:/usr/lib/python2.7:/usr/lib/python2.7/plat-x86_64-linux-gnu:/usr/lib/python2.7/lib-tk:/usr/lib/python2.7/lib-old:/usr/lib/python2.7/lib-dynload:/usr/local/lib/python2.7/dist-packages:/usr/lib/python2.7/dist-packages:/usr/lib/python2.7/dist-packages/gtk-2.0:/usr/lib/pymodules/python2.7
vi_cv_path_ruby=
vi_cv_perllib=/usr/share/perl/5.20
vi_cv_var_python_version=2.7
vi_cv_version_lua=
vi_cv_with_luajit=no
vim_cv_getcwd_broken=no
vim_cv_memmove_handles_overlap=yes
vim_cv_stat_ignores_slash=no
vim_cv_terminfo=yes
vim_cv_toupper_broken=no
vim_cv_tty_group=world

## ----------------- ##
## Output variables. ##
## ----------------- ##

AWK='gawk'
CC='gcc'
CFLAGS='-O6 -U_FORTIFY_SOURCE -D_FORTIFY_SOURCE=1'
CPP='gcc -E'
CPPFLAGS='-I/usr/local/include'
CPP_MM='M'
DEFS='-DHAVE_CONFIG_H'
DEPEND_CFLAGS_FILTER='| sed '\''s+-I */+-isystem /+g'\'''
ECHO_C=''
ECHO_N='-n'
ECHO_T=''
EGREP='/bin/grep -E'
EXEEXT=''
EXNAME='ex'
GDB_OBJ='objects/gdb.o objects/gdb_lvl2.o objects/gdb_lvl3.o objects/misc.o objects/obstack.o objects/pty.o'
GDB_SRC='gdb.c clewn/gdb_lvl2.c clewn/gdb_lvl3.c clewn/misc.c clewn/obstack.c pty.c'
GNOME_INCLUDEDIR=''
GNOME_LIBDIR=''
GNOME_LIBS=''
GREP='/bin/grep'
GTK_CFLAGS=''
GTK_LIBNAME=''
GTK_LIBS=''
GUITYPE='NONE'
GUI_INC_LOC=''
GUI_LIB_LOC=''
GUI_X_LIBS=''
HANGULIN_OBJ=''
HANGULIN_SRC=''
INSTALL_LANGS='install-languages'
INSTALL_TOOL_LANGS='install-tool-languages'
LDFLAGS='-L/usr/local/lib -Wl,--as-needed'
LIBOBJS=''
LIBS='-lm -lnsl  -lcurses -ldl'
LINK_AS_NEEDED='yes'
LTLIBOBJS=''
LUA_CFLAGS=''
LUA_LIBS=''
LUA_OBJ=''
LUA_PRO=''
LUA_SRC=''
MAKEMO=''
MOTIF_LIBNAME=''
MSGFMT=''
MZSCHEME_CFLAGS=''
MZSCHEME_EXTRA=''
MZSCHEME_LIBS=''
MZSCHEME_MZC=''
MZSCHEME_OBJ=''
MZSCHEME_PRO=''
MZSCHEME_SRC=''
NARROW_PROTO=''
NETBEANS_OBJ='objects/netbeans.o'
NETBEANS_SRC='netbeans.c'
OBJEXT='o'
OS_EXTRA_OBJ=''
OS_EXTRA_SRC=''
PACKAGE_BUGREPORT=''
PACKAGE_NAME=''
PACKAGE_STRING=''
PACKAGE_TARNAME=''
PACKAGE_URL=''
PACKAGE_VERSION=''
PATH_SEPARATOR=':'
PERL_CFLAGS=''
PERL_LIBS=''
PERL_OBJ=''
PERL_PRO=''
PERL_SRC=''
PKG_CONFIG=''
PYTHON3_CFLAGS=''
PYTHON3_CONFDIR=''
PYTHON3_LIBS=''
PYTHON3_OBJ=''
PYTHON3_SRC=''
PYTHON_CFLAGS=''
PYTHON_CONFDIR=''
PYTHON_GETPATH_CFLAGS=''
PYTHON_LIBS=''
PYTHON_OBJ=''
PYTHON_SRC=''
QUOTESED='sed -e '\''s/[\\"]/\\&/g'\'' -e '\''s/\\"/"/'\'' -e '\''s/\\";$$/";/'\'''
RUBY_CFLAGS=''
RUBY_LIBS=''
RUBY_OBJ=''
RUBY_PRO=''
RUBY_SRC=''
SET_MAKE=''
SHELL='/bin/bash'
SNIFF_OBJ=''
SNIFF_SRC=''
STRIP='strip'
TAGPRG='ctags -t'
TCL_CFLAGS=''
TCL_LIBS=''
TCL_OBJ=''
TCL_PRO=''
TCL_SRC=''
VIEWNAME='view'
VIMNAME='vim'
WORKSHOP_OBJ=''
WORKSHOP_SRC=''
XCODE_SELECT=''
XMKMF=''
X_CFLAGS=' '
X_EXTRA_LIBS=''
X_LIB=''
X_LIBS=' '
X_PRE_LIBS=''
ac_ct_CC='gcc'
bindir='${exec_prefix}/bin'
build_alias=''
compiledby='Larrupingpig'
datadir='${datarootdir}'
datarootdir='${prefix}/share'
docdir='${datarootdir}/doc/${PACKAGE}'
dogvimdiff='installgvimdiff'
dovimdiff='installvimdiff'
dvidir='${docdir}'
exec_prefix='${prefix}'
host_alias=''
htmldir='${docdir}'
includedir='${prefix}/include'
infodir='${datarootdir}/info'
libdir='${exec_prefix}/lib'
libexecdir='${exec_prefix}/libexec'
line_break='"\\012"'
localedir='${datarootdir}/locale'
localstatedir='${prefix}/var'
mandir='${datarootdir}/man'
oldincludedir='/usr/include'
pdfdir='${docdir}'
prefix='/usr/local'
program_transform_name='s,x,x,'
psdir='${docdir}'
sbindir='${exec_prefix}/sbin'
sharedstatedir='${prefix}/com'
shrpenv=''
sysconfdir='${prefix}/etc'
target_alias=''
vi_cv_path_lua=''
vi_cv_path_luajit=''
vi_cv_path_mzscheme=''
vi_cv_path_perl='/usr/bin/perl'
vi_cv_path_plain_lua=''
vi_cv_path_python3=''
vi_cv_path_python='/usr/bin/python2'
vi_cv_path_ruby=''
vi_cv_path_tcl=''
vi_cv_perllib='/usr/share/perl/5.20'
xmkmfpath=''

## ----------- ##
## confdefs.h. ##
## ----------- ##

/* confdefs.h */
#define PACKAGE_NAME ""
#define PACKAGE_TARNAME ""
#define PACKAGE_VERSION ""
#define PACKAGE_STRING ""
#define PACKAGE_BUGREPORT ""
#define PACKAGE_URL ""
#define UNIX 1
#define STDC_HEADERS 1
#define HAVE_SYS_WAIT_H 1
#define MODIFIED_BY "Larrupingpig"
#define FEAT_HUGE 1
#define USE_XSMP_INTERACT 1
#define FEAT_CSCOPE 1
#define HAVE_LIBNSL 1
#define FEAT_NETBEANS_INTG 1
#define FEAT_MBYTE 1
#define X_DISPLAY_MISSING 1
#define FEAT_GDB 1
#define HAVE_DATE_TIME 1
#define HAVE_ATTRIBUTE_UNUSED 1
#define HAVE_DIRENT_H 1
#define HAVE_STDARG_H 1
#define HAVE_STDINT_H 1
#define HAVE_STDLIB_H 1
#define HAVE_STRING_H 1
#define HAVE_SYS_SELECT_H 1
#define HAVE_SYS_UTSNAME_H 1
#define HAVE_TERMCAP_H 1
#define HAVE_FCNTL_H 1
#define HAVE_SGTTY_H 1
#define HAVE_SYS_IOCTL_H 1
#define HAVE_SYS_TIME_H 1
#define HAVE_SYS_TYPES_H 1
#define HAVE_TERMIO_H 1
#define HAVE_ICONV_H 1
#define HAVE_INTTYPES_H 1
#define HAVE_LANGINFO_H 1
#define HAVE_MATH_H 1
#define HAVE_UNISTD_H 1
#define HAVE_STROPTS_H 1
#define HAVE_ERRNO_H 1
#define HAVE_SYS_RESOURCE_H 1
#define HAVE_LOCALE_H 1
#define HAVE_TERMIOS_H 1
#define HAVE_SYS_STATFS_H 1
#define HAVE_POLL_H 1
#define HAVE_SYS_POLL_H 1
#define HAVE_PWD_H 1
#define HAVE_UTIME_H 1
#define HAVE_SYS_PARAM_H 1
#define HAVE_LIBINTL_H 1
#define HAVE_LIBGEN_H 1
#define HAVE_SYS_SYSINFO_H 1
#define HAVE_WCHAR_H 1
#define HAVE_WCTYPE_H 1
#define HAVE_SYS_SYSCTL_H 1
#define HAVE_STRINGS_H 1
#define TIME_WITH_SYS_TIME 1
#define TERMINFO 1
#define HAVE_OSPEED 1
#define HAVE_UP_BC_PC 1
#define SYS_SELECT_WITH_SYS_TIME 1
#define HAVE_SVR4_PTYS 1
#define RETSIGTYPE void
#define SIGRETURN return
#define HAVE_SIGCONTEXT 1
#define HAVE_BCMP 1
#define HAVE_FCHDIR 1
#define HAVE_FCHOWN 1
#define HAVE_FSYNC 1
#define HAVE_GETCWD 1
#define HAVE_GETPWENT 1
#define HAVE_GETPWNAM 1
#define HAVE_GETPWUID 1
#define HAVE_GETRLIMIT 1
#define HAVE_GETTIMEOFDAY 1
#define HAVE_GETWD 1
#define HAVE_LSTAT 1
#define HAVE_MEMCMP 1
#define HAVE_MEMSET 1
#define HAVE_MKDTEMP 1
#define HAVE_NANOSLEEP 1
#define HAVE_OPENDIR 1
#define HAVE_PUTENV 1
#define HAVE_QSORT 1
#define HAVE_READLINK 1
#define HAVE_SELECT 1
#define HAVE_SETENV 1
#define HAVE_SETPGID 1
#define HAVE_SETSID 1
#define HAVE_SIGALTSTACK 1
#define HAVE_SIGSTACK 1
#define HAVE_SIGSET 1
#define HAVE_SIGACTION 1
#define HAVE_SIGVEC 1
#define HAVE_STRCASECMP 1
#define HAVE_STRERROR 1
#define HAVE_STRFTIME 1
#define HAVE_STRNCASECMP 1
#define HAVE_STRPBRK 1
#define HAVE_STRTOL 1
#define HAVE_TGETENT 1
#define HAVE_TOWLOWER 1
#define HAVE_TOWUPPER 1
#define HAVE_ISWUPPER 1
#define HAVE_USLEEP 1
#define HAVE_UTIME 1
#define HAVE_UTIMES 1
#define HAVE_FSEEKO 1
#define HAVE_ST_BLKSIZE 1
#define HAVE_ICONV 1
#define HAVE_NL_LANGINFO_CODESET 1
#define HAVE_LIBM 1
#define HAVE_FLOAT_FUNCS 1
#define HAVE_FD_CLOEXEC 1
#define HAVE_RENAME 1
#define HAVE_SYSINFO 1
#define HAVE_SYSINFO_MEM_UNIT 1
#define HAVE_SYSCONF 1
#define SIZEOF_INT 4
#define SIZEOF_LONG 8
#define SIZEOF_TIME_T 8
#define SIZEOF_OFF_T 8
#define USEMEMMOVE 1
#define USEMAN_S 1
#define HAVE_DLFCN_H 1
#define HAVE_DLOPEN 1
#define HAVE_DLSYM 1
#define HAVE_SETJMP_H 1

configure: exit 0
